Performing C SOURCE FILE Test HAVE_inline failed with the following output:
Change Dir: /Users/edwardzhou/develop/cocos2d-x-master/WebsocketTest/Classes/libwebsockets/CMakeFiles/CMakeTmp

Run Build Command:/usr/bin/gmake "cmTryCompileExec3856273463/fast"
/usr/bin/gmake -f CMakeFiles/cmTryCompileExec3856273463.dir/build.make CMakeFiles/cmTryCompileExec3856273463.dir/build
/usr/local/Cellar/cmake/2.8.10.2/bin/cmake -E cmake_progress_report /Users/edwardzhou/develop/cocos2d-x-master/WebsocketTest/Classes/libwebsockets/CMakeFiles/CMakeTmp/CMakeFiles 1
Building C object CMakeFiles/cmTryCompileExec3856273463.dir/src.c.o
/usr/bin/cc  -DKEYWORD=inline -DHAVE_inline   -o CMakeFiles/cmTryCompileExec3856273463.dir/src.c.o   -c /Users/edwardzhou/develop/cocos2d-x-master/WebsocketTest/Classes/libwebsockets/CMakeFiles/CMakeTmp/src.c
Linking C executable cmTryCompileExec3856273463
/usr/local/Cellar/cmake/2.8.10.2/bin/cmake -E cmake_link_script CMakeFiles/cmTryCompileExec3856273463.dir/link.txt --verbose=1
/usr/bin/cc     -DHAVE_inline -Wl,-search_paths_first -Wl,-headerpad_max_install_names   CMakeFiles/cmTryCompileExec3856273463.dir/src.c.o  -o cmTryCompileExec3856273463  
Undefined symbols for architecture x86_64:
  "_a", referenced from:
      _main in src.c.o
ld: symbol(s) not found for architecture x86_64
clang: error: linker command failed with exit code 1 (use -v to see invocation)
gmake[1]: *** [cmTryCompileExec3856273463] Error 1
gmake: *** [cmTryCompileExec3856273463/fast] Error 2

Source file was:

		#include <stdio.h>
		KEYWORD void a() {}
		int main(int argc, char **argv) { a(); return 0; }
		
Performing C SOURCE FILE Test HAVE___inline__ failed with the following output:
Change Dir: /Users/edwardzhou/develop/cocos2d-x-master/WebsocketTest/Classes/libwebsockets/CMakeFiles/CMakeTmp

Run Build Command:/usr/bin/gmake "cmTryCompileExec469042326/fast"
/usr/bin/gmake -f CMakeFiles/cmTryCompileExec469042326.dir/build.make CMakeFiles/cmTryCompileExec469042326.dir/build
/usr/local/Cellar/cmake/2.8.10.2/bin/cmake -E cmake_progress_report /Users/edwardzhou/develop/cocos2d-x-master/WebsocketTest/Classes/libwebsockets/CMakeFiles/CMakeTmp/CMakeFiles 1
Building C object CMakeFiles/cmTryCompileExec469042326.dir/src.c.o
/usr/bin/cc  -DKEYWORD=__inline__ -DHAVE___inline__   -o CMakeFiles/cmTryCompileExec469042326.dir/src.c.o   -c /Users/edwardzhou/develop/cocos2d-x-master/WebsocketTest/Classes/libwebsockets/CMakeFiles/CMakeTmp/src.c
Linking C executable cmTryCompileExec469042326
/usr/local/Cellar/cmake/2.8.10.2/bin/cmake -E cmake_link_script CMakeFiles/cmTryCompileExec469042326.dir/link.txt --verbose=1
/usr/bin/cc     -DHAVE___inline__ -Wl,-search_paths_first -Wl,-headerpad_max_install_names   CMakeFiles/cmTryCompileExec469042326.dir/src.c.o  -o cmTryCompileExec469042326  
Undefined symbols for architecture x86_64:
  "_a", referenced from:
      _main in src.c.o
ld: symbol(s) not found for architecture x86_64
clang: error: linker command failed with exit code 1 (use -v to see invocation)
gmake[1]: *** [cmTryCompileExec469042326] Error 1
gmake: *** [cmTryCompileExec469042326/fast] Error 2

Source file was:

		#include <stdio.h>
		KEYWORD void a() {}
		int main(int argc, char **argv) { a(); return 0; }
		
Performing C SOURCE FILE Test HAVE___inline failed with the following output:
Change Dir: /Users/edwardzhou/develop/cocos2d-x-master/WebsocketTest/Classes/libwebsockets/CMakeFiles/CMakeTmp

Run Build Command:/usr/bin/gmake "cmTryCompileExec3506671082/fast"
/usr/bin/gmake -f CMakeFiles/cmTryCompileExec3506671082.dir/build.make CMakeFiles/cmTryCompileExec3506671082.dir/build
/usr/local/Cellar/cmake/2.8.10.2/bin/cmake -E cmake_progress_report /Users/edwardzhou/develop/cocos2d-x-master/WebsocketTest/Classes/libwebsockets/CMakeFiles/CMakeTmp/CMakeFiles 1
Building C object CMakeFiles/cmTryCompileExec3506671082.dir/src.c.o
/usr/bin/cc  -DKEYWORD=__inline -DHAVE___inline   -o CMakeFiles/cmTryCompileExec3506671082.dir/src.c.o   -c /Users/edwardzhou/develop/cocos2d-x-master/WebsocketTest/Classes/libwebsockets/CMakeFiles/CMakeTmp/src.c
Linking C executable cmTryCompileExec3506671082
/usr/local/Cellar/cmake/2.8.10.2/bin/cmake -E cmake_link_script CMakeFiles/cmTryCompileExec3506671082.dir/link.txt --verbose=1
/usr/bin/cc     -DHAVE___inline -Wl,-search_paths_first -Wl,-headerpad_max_install_names   CMakeFiles/cmTryCompileExec3506671082.dir/src.c.o  -o cmTryCompileExec3506671082  
Undefined symbols for architecture x86_64:
  "_a", referenced from:
      _main in src.c.o
ld: symbol(s) not found for architecture x86_64
clang: error: linker command failed with exit code 1 (use -v to see invocation)
gmake[1]: *** [cmTryCompileExec3506671082] Error 1
gmake: *** [cmTryCompileExec3506671082/fast] Error 2

Source file was:

		#include <stdio.h>
		KEYWORD void a() {}
		int main(int argc, char **argv) { a(); return 0; }
		
Determining if the include file sys/prctl.h exists failed with the following output:
Change Dir: /Users/edwardzhou/develop/cocos2d-x-master/WebsocketTest/Classes/libwebsockets/CMakeFiles/CMakeTmp

Run Build Command:/usr/bin/gmake "cmTryCompileExec713952719/fast"
/usr/bin/gmake -f CMakeFiles/cmTryCompileExec713952719.dir/build.make CMakeFiles/cmTryCompileExec713952719.dir/build
/usr/local/Cellar/cmake/2.8.10.2/bin/cmake -E cmake_progress_report /Users/edwardzhou/develop/cocos2d-x-master/WebsocketTest/Classes/libwebsockets/CMakeFiles/CMakeTmp/CMakeFiles 1
Building C object CMakeFiles/cmTryCompileExec713952719.dir/CheckIncludeFile.c.o
/usr/bin/cc  -DKEYWORD=__inline  -o CMakeFiles/cmTryCompileExec713952719.dir/CheckIncludeFile.c.o   -c /Users/edwardzhou/develop/cocos2d-x-master/WebsocketTest/Classes/libwebsockets/CMakeFiles/CMakeTmp/CheckIncludeFile.c
/Users/edwardzhou/develop/cocos2d-x-master/WebsocketTest/Classes/libwebsockets/CMakeFiles/CMakeTmp/CheckIncludeFile.c:1:10: fatal error: 'sys/prctl.h' file not found
#include <sys/prctl.h>
         ^
1 error generated.
gmake[1]: *** [CMakeFiles/cmTryCompileExec713952719.dir/CheckIncludeFile.c.o] Error 1
gmake: *** [cmTryCompileExec713952719/fast] Error 2


Determining if the include file vfork.h exists failed with the following output:
Change Dir: /Users/edwardzhou/develop/cocos2d-x-master/WebsocketTest/Classes/libwebsockets/CMakeFiles/CMakeTmp

Run Build Command:/usr/bin/gmake "cmTryCompileExec3864031189/fast"
/usr/bin/gmake -f CMakeFiles/cmTryCompileExec3864031189.dir/build.make CMakeFiles/cmTryCompileExec3864031189.dir/build
/usr/local/Cellar/cmake/2.8.10.2/bin/cmake -E cmake_progress_report /Users/edwardzhou/develop/cocos2d-x-master/WebsocketTest/Classes/libwebsockets/CMakeFiles/CMakeTmp/CMakeFiles 1
Building C object CMakeFiles/cmTryCompileExec3864031189.dir/CheckIncludeFile.c.o
/usr/bin/cc  -DKEYWORD=__inline  -o CMakeFiles/cmTryCompileExec3864031189.dir/CheckIncludeFile.c.o   -c /Users/edwardzhou/develop/cocos2d-x-master/WebsocketTest/Classes/libwebsockets/CMakeFiles/CMakeTmp/CheckIncludeFile.c
/Users/edwardzhou/develop/cocos2d-x-master/WebsocketTest/Classes/libwebsockets/CMakeFiles/CMakeTmp/CheckIncludeFile.c:1:10: fatal error: 'vfork.h' file not found
#include <vfork.h>
         ^
1 error generated.
gmake[1]: *** [CMakeFiles/cmTryCompileExec3864031189.dir/CheckIncludeFile.c.o] Error 1
gmake: *** [cmTryCompileExec3864031189/fast] Error 2


