Performing C SOURCE FILE Test HAVE_inline failed with the following output:
Change Dir: /Users/edwardzhou/install/libwebsockets/build/CMakeFiles/CMakeTmp

Run Build Command:/usr/bin/gmake "cmTryCompileExec426994769/fast"
/usr/bin/gmake -f CMakeFiles/cmTryCompileExec426994769.dir/build.make CMakeFiles/cmTryCompileExec426994769.dir/build
/usr/local/Cellar/cmake/2.8.10.2/bin/cmake -E cmake_progress_report /Users/edwardzhou/install/libwebsockets/build/CMakeFiles/CMakeTmp/CMakeFiles 1
Building C object CMakeFiles/cmTryCompileExec426994769.dir/src.c.o
/usr/bin/cc  -DKEYWORD=inline -DHAVE_inline   -o CMakeFiles/cmTryCompileExec426994769.dir/src.c.o   -c /Users/edwardzhou/install/libwebsockets/build/CMakeFiles/CMakeTmp/src.c
Linking C executable cmTryCompileExec426994769
/usr/local/Cellar/cmake/2.8.10.2/bin/cmake -E cmake_link_script CMakeFiles/cmTryCompileExec426994769.dir/link.txt --verbose=1
/usr/bin/cc     -DHAVE_inline -Wl,-search_paths_first -Wl,-headerpad_max_install_names   CMakeFiles/cmTryCompileExec426994769.dir/src.c.o  -o cmTryCompileExec426994769  
Undefined symbols for architecture x86_64:
  "_a", referenced from:
      _main in src.c.o
ld: symbol(s) not found for architecture x86_64
clang: error: linker command failed with exit code 1 (use -v to see invocation)
gmake[1]: *** [cmTryCompileExec426994769] Error 1
gmake: *** [cmTryCompileExec426994769/fast] Error 2

Source file was:

		#include <stdio.h>
		KEYWORD void a() {}
		int main(int argc, char **argv) { a(); return 0; }
		
Performing C SOURCE FILE Test HAVE___inline__ failed with the following output:
Change Dir: /Users/edwardzhou/install/libwebsockets/build/CMakeFiles/CMakeTmp

Run Build Command:/usr/bin/gmake "cmTryCompileExec1224172563/fast"
/usr/bin/gmake -f CMakeFiles/cmTryCompileExec1224172563.dir/build.make CMakeFiles/cmTryCompileExec1224172563.dir/build
/usr/local/Cellar/cmake/2.8.10.2/bin/cmake -E cmake_progress_report /Users/edwardzhou/install/libwebsockets/build/CMakeFiles/CMakeTmp/CMakeFiles 1
Building C object CMakeFiles/cmTryCompileExec1224172563.dir/src.c.o
/usr/bin/cc  -DKEYWORD=__inline__ -DHAVE___inline__   -o CMakeFiles/cmTryCompileExec1224172563.dir/src.c.o   -c /Users/edwardzhou/install/libwebsockets/build/CMakeFiles/CMakeTmp/src.c
Linking C executable cmTryCompileExec1224172563
/usr/local/Cellar/cmake/2.8.10.2/bin/cmake -E cmake_link_script CMakeFiles/cmTryCompileExec1224172563.dir/link.txt --verbose=1
/usr/bin/cc     -DHAVE___inline__ -Wl,-search_paths_first -Wl,-headerpad_max_install_names   CMakeFiles/cmTryCompileExec1224172563.dir/src.c.o  -o cmTryCompileExec1224172563  
Undefined symbols for architecture x86_64:
  "_a", referenced from:
      _main in src.c.o
ld: symbol(s) not found for architecture x86_64
clang: error: linker command failed with exit code 1 (use -v to see invocation)
gmake[1]: *** [cmTryCompileExec1224172563] Error 1
gmake: *** [cmTryCompileExec1224172563/fast] Error 2

Source file was:

		#include <stdio.h>
		KEYWORD void a() {}
		int main(int argc, char **argv) { a(); return 0; }
		
Performing C SOURCE FILE Test HAVE___inline failed with the following output:
Change Dir: /Users/edwardzhou/install/libwebsockets/build/CMakeFiles/CMakeTmp

Run Build Command:/usr/bin/gmake "cmTryCompileExec912253878/fast"
/usr/bin/gmake -f CMakeFiles/cmTryCompileExec912253878.dir/build.make CMakeFiles/cmTryCompileExec912253878.dir/build
/usr/local/Cellar/cmake/2.8.10.2/bin/cmake -E cmake_progress_report /Users/edwardzhou/install/libwebsockets/build/CMakeFiles/CMakeTmp/CMakeFiles 1
Building C object CMakeFiles/cmTryCompileExec912253878.dir/src.c.o
/usr/bin/cc  -DKEYWORD=__inline -DHAVE___inline   -o CMakeFiles/cmTryCompileExec912253878.dir/src.c.o   -c /Users/edwardzhou/install/libwebsockets/build/CMakeFiles/CMakeTmp/src.c
Linking C executable cmTryCompileExec912253878
/usr/local/Cellar/cmake/2.8.10.2/bin/cmake -E cmake_link_script CMakeFiles/cmTryCompileExec912253878.dir/link.txt --verbose=1
/usr/bin/cc     -DHAVE___inline -Wl,-search_paths_first -Wl,-headerpad_max_install_names   CMakeFiles/cmTryCompileExec912253878.dir/src.c.o  -o cmTryCompileExec912253878  
Undefined symbols for architecture x86_64:
  "_a", referenced from:
      _main in src.c.o
ld: symbol(s) not found for architecture x86_64
clang: error: linker command failed with exit code 1 (use -v to see invocation)
gmake[1]: *** [cmTryCompileExec912253878] Error 1
gmake: *** [cmTryCompileExec912253878/fast] Error 2

Source file was:

		#include <stdio.h>
		KEYWORD void a() {}
		int main(int argc, char **argv) { a(); return 0; }
		
Determining if the include file sys/prctl.h exists failed with the following output:
Change Dir: /Users/edwardzhou/install/libwebsockets/build/CMakeFiles/CMakeTmp

Run Build Command:/usr/bin/gmake "cmTryCompileExec1342585248/fast"
/usr/bin/gmake -f CMakeFiles/cmTryCompileExec1342585248.dir/build.make CMakeFiles/cmTryCompileExec1342585248.dir/build
/usr/local/Cellar/cmake/2.8.10.2/bin/cmake -E cmake_progress_report /Users/edwardzhou/install/libwebsockets/build/CMakeFiles/CMakeTmp/CMakeFiles 1
Building C object CMakeFiles/cmTryCompileExec1342585248.dir/CheckIncludeFile.c.o
/usr/bin/cc  -DKEYWORD=__inline  -o CMakeFiles/cmTryCompileExec1342585248.dir/CheckIncludeFile.c.o   -c /Users/edwardzhou/install/libwebsockets/build/CMakeFiles/CMakeTmp/CheckIncludeFile.c
/Users/edwardzhou/install/libwebsockets/build/CMakeFiles/CMakeTmp/CheckIncludeFile.c:1:10: fatal error: 'sys/prctl.h' file not found
#include <sys/prctl.h>
         ^
1 error generated.
gmake[1]: *** [CMakeFiles/cmTryCompileExec1342585248.dir/CheckIncludeFile.c.o] Error 1
gmake: *** [cmTryCompileExec1342585248/fast] Error 2


Determining if the include file vfork.h exists failed with the following output:
Change Dir: /Users/edwardzhou/install/libwebsockets/build/CMakeFiles/CMakeTmp

Run Build Command:/usr/bin/gmake "cmTryCompileExec1086917938/fast"
/usr/bin/gmake -f CMakeFiles/cmTryCompileExec1086917938.dir/build.make CMakeFiles/cmTryCompileExec1086917938.dir/build
/usr/local/Cellar/cmake/2.8.10.2/bin/cmake -E cmake_progress_report /Users/edwardzhou/install/libwebsockets/build/CMakeFiles/CMakeTmp/CMakeFiles 1
Building C object CMakeFiles/cmTryCompileExec1086917938.dir/CheckIncludeFile.c.o
/usr/bin/cc  -DKEYWORD=__inline  -o CMakeFiles/cmTryCompileExec1086917938.dir/CheckIncludeFile.c.o   -c /Users/edwardzhou/install/libwebsockets/build/CMakeFiles/CMakeTmp/CheckIncludeFile.c
/Users/edwardzhou/install/libwebsockets/build/CMakeFiles/CMakeTmp/CheckIncludeFile.c:1:10: fatal error: 'vfork.h' file not found
#include <vfork.h>
         ^
1 error generated.
gmake[1]: *** [CMakeFiles/cmTryCompileExec1086917938.dir/CheckIncludeFile.c.o] Error 1
gmake: *** [cmTryCompileExec1086917938/fast] Error 2


